<?xml version="1.0" encoding="UTF-8"?>
<robot generator="Robot 3.0.4 (Python 3.7.0 on win32)" generated="20190108 14:36:12.667">
<suite id="s1" name="Selenium Demo" source="C:\Users\petri.ryynanen\github\Robot_Framework_Training\Robot_Framework_Training\Training\Tests\Selenium_Demo.robot">
<test id="s1-t1" name="User must sign in to check out product">
<kw name="Begin Web Test">
<arguments>
<arg>http://www.amazon.com</arg>
<arg>gc</arg>
</arguments>
<msg timestamp="20190108 14:36:12.860" level="FAIL">Keyword 'Begin Web Test' expected 0 arguments, got 2.</msg>
<status status="FAIL" starttime="20190108 14:36:12.860" endtime="20190108 14:36:12.860"></status>
</kw>
<status status="FAIL" starttime="20190108 14:36:12.859" endtime="20190108 14:36:12.861" critical="yes">Keyword 'Begin Web Test' expected 0 arguments, got 2.</status>
</test>
<status status="FAIL" starttime="20190108 14:36:12.671" endtime="20190108 14:36:12.863"></status>
</suite>
<statistics>
<total>
<stat pass="0" fail="1">Critical Tests</stat>
<stat pass="0" fail="1">All Tests</stat>
</total>
<tag>
</tag>
<suite>
<stat pass="0" fail="1" id="s1" name="Selenium Demo">Selenium Demo</stat>
</suite>
</statistics>
<errors>
</errors>
</robot>
