<?xml version="1.0" encoding="UTF-8"?>
<robot generator="Robot 3.0.4 (Python 3.7.0 on win32)" generated="20181030 13:21:24.525">
<suite id="s1" name="Demo" source="C:\Users\XRYYNPE\atom-workspace\Robot_Framework_Training\Training\Tests\Demo.robot">
<test id="s1-t1" name="User must sign in to check out product">
<kw name="Open Browser" library="SeleniumLibrary">
<doc>Opens a new browser instance to the given ``url``.</doc>
<arguments>
<arg>about:blank</arg>
<arg>gc</arg>
</arguments>
<msg timestamp="20181030 13:21:24.795" level="INFO">Opening browser 'gc' to base url 'about:blank'.</msg>
<status status="PASS" starttime="20181030 13:21:24.795" endtime="20181030 13:21:27.579"></status>
</kw>
<kw name="Go To" library="SeleniumLibrary">
<doc>Navigates the active browser instance to the provided ``url``.</doc>
<arguments>
<arg>http://www.amazon.com</arg>
</arguments>
<msg timestamp="20181030 13:21:27.581" level="INFO">Opening url 'http://www.amazon.com'</msg>
<status status="PASS" starttime="20181030 13:21:27.580" endtime="20181030 13:21:30.214"></status>
</kw>
<kw name="Wait Until Page Contains" library="SeleniumLibrary">
<doc>Waits until ``text`` appears on current page.</doc>
<arguments>
<arg>Your Amazon.com</arg>
</arguments>
<status status="PASS" starttime="20181030 13:21:30.216" endtime="20181030 13:21:30.419"></status>
</kw>
<kw name="Input Text" library="SeleniumLibrary">
<doc>Types the given ``text`` into text field identified by ``locator``.</doc>
<arguments>
<arg>id=twotabsearchtextbox</arg>
<arg>Vinland Saga 1</arg>
</arguments>
<msg timestamp="20181030 13:21:30.422" level="INFO">Typing text 'Vinland Saga 1' into text field 'id=twotabsearchtextbox'.</msg>
<status status="PASS" starttime="20181030 13:21:30.421" endtime="20181030 13:21:33.110"></status>
</kw>
<kw name="Click Button" library="SeleniumLibrary">
<doc>Clicks button identified by ``locator``.</doc>
<arguments>
<arg>xpath=//*[@id="nav-search"]/form/div[2]/div/input</arg>
</arguments>
<msg timestamp="20181030 13:21:33.111" level="INFO">Clicking button 'xpath=//*[@id="nav-search"]/form/div[2]/div/input'.</msg>
<status status="PASS" starttime="20181030 13:21:33.110" endtime="20181030 13:21:35.843"></status>
</kw>
<kw name="Wait Until Page Contains" library="SeleniumLibrary">
<doc>Waits until ``text`` appears on current page.</doc>
<arguments>
<arg>Vinland Saga 1</arg>
</arguments>
<status status="PASS" starttime="20181030 13:21:35.846" endtime="20181030 13:21:35.941"></status>
</kw>
<kw name="Click Link" library="SeleniumLibrary">
<doc>Clicks a link identified by ``locator``.</doc>
<arguments>
<arg>css=#result_0 a.s-access-detail-page</arg>
</arguments>
<msg timestamp="20181030 13:21:35.942" level="INFO">Clicking link 'css=#result_0 a.s-access-detail-page'.</msg>
<status status="PASS" starttime="20181030 13:21:35.942" endtime="20181030 13:21:39.701"></status>
</kw>
<kw name="Wait Until Page Contains" library="SeleniumLibrary">
<doc>Waits until ``text`` appears on current page.</doc>
<arguments>
<arg>Back to search results</arg>
</arguments>
<status status="PASS" starttime="20181030 13:21:39.702" endtime="20181030 13:21:39.796"></status>
</kw>
<kw name="Click Button" library="SeleniumLibrary">
<doc>Clicks button identified by ``locator``.</doc>
<arguments>
<arg>id=add-to-cart-button</arg>
</arguments>
<msg timestamp="20181030 13:21:39.797" level="INFO">Clicking button 'id=add-to-cart-button'.</msg>
<status status="PASS" starttime="20181030 13:21:39.797" endtime="20181030 13:21:41.321"></status>
</kw>
<kw name="Wait Until Page Contains" library="SeleniumLibrary">
<doc>Waits until ``text`` appears on current page.</doc>
<arguments>
<arg>Added to Cart</arg>
</arguments>
<status status="PASS" starttime="20181030 13:21:41.324" endtime="20181030 13:21:41.388"></status>
</kw>
<kw name="Click Link" library="SeleniumLibrary">
<doc>Clicks a link identified by ``locator``.</doc>
<arguments>
<arg>id=hlb-ptc-btn-native</arg>
</arguments>
<msg timestamp="20181030 13:21:41.388" level="INFO">Clicking link 'id=hlb-ptc-btn-native'.</msg>
<status status="PASS" starttime="20181030 13:21:41.388" endtime="20181030 13:21:42.456"></status>
</kw>
<kw name="Page Should Contain" library="SeleniumLibrary">
<doc>Verifies that current page contains ``text``.</doc>
<arguments>
<arg>Sign in</arg>
</arguments>
<msg timestamp="20181030 13:21:42.493" level="INFO">Current page contains text 'Sign in'.</msg>
<status status="PASS" starttime="20181030 13:21:42.457" endtime="20181030 13:21:42.493"></status>
</kw>
<kw name="Close Browser" library="SeleniumLibrary">
<doc>Closes the current browser.</doc>
<status status="PASS" starttime="20181030 13:21:42.494" endtime="20181030 13:21:45.024"></status>
</kw>
<status status="PASS" starttime="20181030 13:21:24.785" endtime="20181030 13:21:45.024" critical="yes"></status>
</test>
<status status="PASS" starttime="20181030 13:21:24.535" endtime="20181030 13:21:45.054"></status>
</suite>
<statistics>
<total>
<stat pass="1" fail="0">Critical Tests</stat>
<stat pass="1" fail="0">All Tests</stat>
</total>
<tag>
</tag>
<suite>
<stat pass="1" fail="0" id="s1" name="Demo">Demo</stat>
</suite>
</statistics>
<errors>
</errors>
</robot>
