<?xml version="1.0" encoding="UTF-8"?>
<robot generator="Robot 3.0.4 (Python 3.7.0 on win32)" generated="20181030 14:38:09.810">
<suite id="s1" name="Demo" source="C:\Users\XRYYNPE\atom-workspace\Robot_Framework_Training\Training\Tests\Demo.robot">
<test id="s1-t1" name="User must sign in to check out product">
<kw name="Open Browser" library="SeleniumLibrary">
<doc>Opens a new browser instance to the given ``url``.</doc>
<arguments>
<arg>about:blank</arg>
<arg>${browser}</arg>
</arguments>
<msg timestamp="20181030 14:38:10.050" level="INFO">Opening browser 'gc' to base url 'about:blank'.</msg>
<status status="PASS" starttime="20181030 14:38:10.050" endtime="20181030 14:38:12.787"></status>
</kw>
<kw name="Go To" library="SeleniumLibrary">
<doc>Navigates the active browser instance to the provided ``url``.</doc>
<arguments>
<arg>${url}</arg>
</arguments>
<msg timestamp="20181030 14:38:12.789" level="INFO">Opening url 'http://www.amazon.com'</msg>
<status status="PASS" starttime="20181030 14:38:12.788" endtime="20181030 14:38:15.592"></status>
</kw>
<kw name="Wait Until Page Contains" library="SeleniumLibrary">
<doc>Waits until ``text`` appears on current page.</doc>
<arguments>
<arg>${header}</arg>
</arguments>
<status status="PASS" starttime="20181030 14:38:15.596" endtime="20181030 14:38:15.761"></status>
</kw>
<kw name="Input Text" library="SeleniumLibrary">
<doc>Types the given ``text`` into text field identified by ``locator``.</doc>
<arguments>
<arg>${search_field}</arg>
<arg>${search_term}</arg>
</arguments>
<msg timestamp="20181030 14:38:15.761" level="INFO">Typing text 'Vinland Saga 1' into text field 'id=twotabsearchtextbox'.</msg>
<status status="PASS" starttime="20181030 14:38:15.761" endtime="20181030 14:38:19.862"></status>
</kw>
<kw name="Click Button" library="SeleniumLibrary">
<doc>Clicks button identified by ``locator``.</doc>
<arguments>
<arg>${search_button}</arg>
</arguments>
<msg timestamp="20181030 14:38:19.862" level="INFO">Clicking button 'xpath=//*[@id="nav-search"]/form/div[2]/div/input'.</msg>
<status status="PASS" starttime="20181030 14:38:19.862" endtime="20181030 14:38:22.016"></status>
</kw>
<kw name="Wait Until Page Contains" library="SeleniumLibrary">
<doc>Waits until ``text`` appears on current page.</doc>
<arguments>
<arg>${search_result}</arg>
</arguments>
<status status="PASS" starttime="20181030 14:38:22.017" endtime="20181030 14:38:22.066"></status>
</kw>
<kw name="Click Link" library="SeleniumLibrary">
<doc>Clicks a link identified by ``locator``.</doc>
<arguments>
<arg>${product_link}</arg>
</arguments>
<msg timestamp="20181030 14:38:22.067" level="INFO">Clicking link 'css=#result_0 a.s-access-detail-page'.</msg>
<status status="PASS" starttime="20181030 14:38:22.066" endtime="20181030 14:38:26.145"></status>
</kw>
<kw name="Wait Until Page Contains" library="SeleniumLibrary">
<doc>Waits until ``text`` appears on current page.</doc>
<arguments>
<arg>${product_page}</arg>
</arguments>
<status status="PASS" starttime="20181030 14:38:26.146" endtime="20181030 14:38:26.244"></status>
</kw>
<kw name="Click Button" library="SeleniumLibrary">
<doc>Clicks button identified by ``locator``.</doc>
<arguments>
<arg>${add_to_cart_button}</arg>
</arguments>
<msg timestamp="20181030 14:38:26.245" level="INFO">Clicking button 'id=add-to-cart-button'.</msg>
<status status="PASS" starttime="20181030 14:38:26.244" endtime="20181030 14:38:28.006"></status>
</kw>
<kw name="Wait Until Page Contains" library="SeleniumLibrary">
<doc>Waits until ``text`` appears on current page.</doc>
<arguments>
<arg>${added_to_cart_confirmation}</arg>
</arguments>
<status status="PASS" starttime="20181030 14:38:28.007" endtime="20181030 14:38:28.058"></status>
</kw>
<kw name="Click Link" library="SeleniumLibrary">
<doc>Clicks a link identified by ``locator``.</doc>
<arguments>
<arg>${proceed_to_checkout_button}</arg>
</arguments>
<msg timestamp="20181030 14:38:28.060" level="INFO">Clicking link 'id=hlb-ptc-btn-native'.</msg>
<status status="PASS" starttime="20181030 14:38:28.059" endtime="20181030 14:38:29.388"></status>
</kw>
<kw name="Page Should Contain" library="SeleniumLibrary">
<doc>Verifies that current page contains ``text``.</doc>
<arguments>
<arg>${sign_in_form_header}</arg>
</arguments>
<msg timestamp="20181030 14:38:29.443" level="INFO">Current page contains text 'Sign in'.</msg>
<status status="PASS" starttime="20181030 14:38:29.389" endtime="20181030 14:38:29.443"></status>
</kw>
<kw name="Close Browser" library="SeleniumLibrary">
<doc>Closes the current browser.</doc>
<status status="PASS" starttime="20181030 14:38:29.443" endtime="20181030 14:38:31.799"></status>
</kw>
<status status="PASS" starttime="20181030 14:38:10.050" endtime="20181030 14:38:31.799" critical="yes"></status>
</test>
<status status="PASS" starttime="20181030 14:38:09.810" endtime="20181030 14:38:31.819"></status>
</suite>
<statistics>
<total>
<stat pass="1" fail="0">Critical Tests</stat>
<stat pass="1" fail="0">All Tests</stat>
</total>
<tag>
</tag>
<suite>
<stat pass="1" fail="0" id="s1" name="Demo">Demo</stat>
</suite>
</statistics>
<errors>
</errors>
</robot>
