<?xml version="1.0" encoding="UTF-8"?>
<robot generator="Robot 3.0.4 (Python 3.7.0 on win32)" generated="20181030 12:41:34.635">
<suite id="s1" name="Demo" source="C:\Users\XRYYNPE\VisualStudio_Workspace\Robot_Framework_Training\Robot_Framework_Training\Training\Tests\Demo.robot">
<test id="s1-t1" name="User must sign in to check out product">
<kw name="Open Browser" library="SeleniumLibrary">
<doc>Opens a new browser instance to the given ``url``.</doc>
<arguments>
<arg>about:blank</arg>
<arg>gc</arg>
</arguments>
<msg timestamp="20181030 12:41:34.887" level="INFO">Opening browser 'gc' to base url 'about:blank'.</msg>
<status status="PASS" starttime="20181030 12:41:34.887" endtime="20181030 12:41:37.611"></status>
</kw>
<kw name="Go To" library="SeleniumLibrary">
<doc>Navigates the active browser instance to the provided ``url``.</doc>
<arguments>
<arg>${url}</arg>
</arguments>
<msg timestamp="20181030 12:41:37.612" level="INFO">Opening url '= http://www.amazon.com'</msg>
<kw name="Capture Page Screenshot" library="SeleniumLibrary">
<doc>Takes screenshot of the current page and embeds it into log file.</doc>
<msg timestamp="20181030 12:41:37.982" level="INFO" html="yes">&lt;/td&gt;&lt;/tr&gt;&lt;tr&gt;&lt;td colspan="3"&gt;&lt;a href="selenium-screenshot-13.png"&gt;&lt;img src="selenium-screenshot-13.png" width="800px"&gt;&lt;/a&gt;</msg>
<status status="PASS" starttime="20181030 12:41:37.616" endtime="20181030 12:41:37.982"></status>
</kw>
<msg timestamp="20181030 12:41:37.985" level="FAIL">WebDriverException: Message: unknown error: unhandled inspector error: {"code":-32000,"message":"Cannot navigate to invalid URL"}
  (Session info: chrome=69.0.3497.100)
  (Driver info: chromedriver=2.42.591088 (7b2b2dca23cca0862f674758c9a3933e685c27d5),platform=Windows NT 6.1.7601 SP1 x86_64)
</msg>
<status status="FAIL" starttime="20181030 12:41:37.611" endtime="20181030 12:41:37.985"></status>
</kw>
<status status="FAIL" starttime="20181030 12:41:34.887" endtime="20181030 12:41:37.986" critical="yes">WebDriverException: Message: unknown error: unhandled inspector error: {"code":-32000,"message":"Cannot navigate to invalid URL"}
  (Session info: chrome=69.0.3497.100)
  (Driver info: chromedriver=2.42.591088 (7b2b2dca23cca0862f674758c9a3933e685c27d5),platform=Windows NT 6.1.7601 SP1 x86_64)
</status>
</test>
<status status="FAIL" starttime="20181030 12:41:34.635" endtime="20181030 12:41:37.988"></status>
</suite>
<statistics>
<total>
<stat pass="0" fail="1">Critical Tests</stat>
<stat pass="0" fail="1">All Tests</stat>
</total>
<tag>
</tag>
<suite>
<stat pass="0" fail="1" id="s1" name="Demo">Demo</stat>
</suite>
</statistics>
<errors>
</errors>
</robot>
